0:0:0:0:0:0:0:1 - - [18/Oct/2016:10:51:11 +0800] "GET / HTTP/1.1" 302 -
0:0:0:0:0:0:0:1 - - [18/Oct/2016:10:51:11 +0800] "GET /login;JSESSIONID=77f60af1-e24e-4e45-9eee-4114b98f9601 HTTP/1.1" 500 441
0:0:0:0:0:0:0:1 - - [18/Oct/2016:10:53:31 +0800] "GET /login;JSESSIONID=77f60af1-e24e-4e45-9eee-4114b98f9601 HTTP/1.1" 404 306
0:0:0:0:0:0:0:1 - - [18/Oct/2016:10:53:31 +0800] "GET /favicon.ico HTTP/1.1" 302 -
0:0:0:0:0:0:0:1 - - [18/Oct/2016:10:53:31 +0800] "GET /login;JSESSIONID=66738f69-08bc-405d-ab2c-7c3cef12849c HTTP/1.1" 404 168
0:0:0:0:0:0:0:1 - - [18/Oct/2016:10:53:34 +0800] "GET /login;JSESSIONID=77f60af1-e24e-4e45-9eee-4114b98f9601 HTTP/1.1" 404 306
0:0:0:0:0:0:0:1 - - [18/Oct/2016:10:53:35 +0800] "GET /login;JSESSIONID=77f60af1-e24e-4e45-9eee-4114b98f9601 HTTP/1.1" 404 306
0:0:0:0:0:0:0:1 - - [18/Oct/2016:10:53:35 +0800] "GET /login;JSESSIONID=77f60af1-e24e-4e45-9eee-4114b98f9601 HTTP/1.1" 404 306
0:0:0:0:0:0:0:1 - - [18/Oct/2016:10:53:35 +0800] "GET /login;JSESSIONID=77f60af1-e24e-4e45-9eee-4114b98f9601 HTTP/1.1" 404 306
0:0:0:0:0:0:0:1 - - [18/Oct/2016:10:53:35 +0800] "GET /login;JSESSIONID=77f60af1-e24e-4e45-9eee-4114b98f9601 HTTP/1.1" 404 306
0:0:0:0:0:0:0:1 - - [18/Oct/2016:10:53:42 +0800] "GET / HTTP/1.1" 302 -
0:0:0:0:0:0:0:1 - - [18/Oct/2016:10:53:42 +0800] "GET /login HTTP/1.1" 404 306
0:0:0:0:0:0:0:1 - - [18/Oct/2016:10:54:01 +0800] "GET /login HTTP/1.1" 404 306
0:0:0:0:0:0:0:1 - - [18/Oct/2016:10:54:01 +0800] "GET /login HTTP/1.1" 404 306
0:0:0:0:0:0:0:1 - - [18/Oct/2016:10:54:02 +0800] "GET /login HTTP/1.1" 404 306
0:0:0:0:0:0:0:1 - - [18/Oct/2016:10:54:02 +0800] "GET /login HTTP/1.1" 404 306
0:0:0:0:0:0:0:1 - - [18/Oct/2016:10:54:20 +0800] "GET /login HTTP/1.1" 404 306
0:0:0:0:0:0:0:1 - - [18/Oct/2016:10:55:57 +0800] "GET /login HTTP/1.1" 404 306
0:0:0:0:0:0:0:1 - - [18/Oct/2016:10:55:59 +0800] "GET /login HTTP/1.1" 404 306
0:0:0:0:0:0:0:1 - - [18/Oct/2016:10:55:59 +0800] "GET /login HTTP/1.1" 404 306
0:0:0:0:0:0:0:1 - - [18/Oct/2016:11:00:25 +0800] "GET /login HTTP/1.1" 500 511
0:0:0:0:0:0:0:1 - - [18/Oct/2016:11:01:15 +0800] "GET /login HTTP/1.1" 500 393
0:0:0:0:0:0:0:1 - - [18/Oct/2016:11:04:37 +0800] "GET /login HTTP/1.1" 200 886
0:0:0:0:0:0:0:1 - - [18/Oct/2016:11:04:37 +0800] "GET /css/bootstrap.min.css HTTP/1.1" 200 83054
0:0:0:0:0:0:0:1 - - [18/Oct/2016:11:04:47 +0800] "POST /doLogin HTTP/1.1" 302 -
0:0:0:0:0:0:0:1 - - [18/Oct/2016:11:04:47 +0800] "GET /login;JSESSIONID=69e45d30-e1c2-4266-9ffa-8d6c8c452770 HTTP/1.1" 200 886
0:0:0:0:0:0:0:1 - - [18/Oct/2016:11:05:25 +0800] "POST /doLogin HTTP/1.1" 302 -
0:0:0:0:0:0:0:1 - - [18/Oct/2016:11:05:25 +0800] "GET /login HTTP/1.1" 200 886
0:0:0:0:0:0:0:1 - - [18/Oct/2016:11:05:25 +0800] "GET /css/bootstrap.min.css HTTP/1.1" 304 -
0:0:0:0:0:0:0:1 - - [18/Oct/2016:11:17:11 +0800] "GET /login HTTP/1.1" 200 886
0:0:0:0:0:0:0:1 - - [18/Oct/2016:11:17:11 +0800] "GET /css/bootstrap.min.css HTTP/1.1" 304 -
0:0:0:0:0:0:0:1 - - [18/Oct/2016:11:17:28 +0800] "POST /doLogin HTTP/1.1" 302 -
0:0:0:0:0:0:0:1 - - [18/Oct/2016:11:17:28 +0800] "GET /login;JSESSIONID=cf5f5ea2-5908-4874-9988-00ec7bc69f15 HTTP/1.1" 200 886
0:0:0:0:0:0:0:1 - - [18/Oct/2016:11:17:48 +0800] "POST /doLogin HTTP/1.1" 302 -
0:0:0:0:0:0:0:1 - - [18/Oct/2016:11:17:48 +0800] "GET /login HTTP/1.1" 200 886
0:0:0:0:0:0:0:1 - - [18/Oct/2016:11:18:03 +0800] "GET /login HTTP/1.1" 200 884
0:0:0:0:0:0:0:1 - - [18/Oct/2016:11:18:03 +0800] "GET /css/bootstrap.min.css HTTP/1.1" 304 -
0:0:0:0:0:0:0:1 - - [18/Oct/2016:11:18:04 +0800] "GET /login HTTP/1.1" 200 884
0:0:0:0:0:0:0:1 - - [18/Oct/2016:11:18:04 +0800] "GET /css/bootstrap.min.css HTTP/1.1" 304 -
0:0:0:0:0:0:0:1 - - [18/Oct/2016:11:18:04 +0800] "GET /login HTTP/1.1" 200 884
0:0:0:0:0:0:0:1 - - [18/Oct/2016:11:18:04 +0800] "GET /css/bootstrap.min.css HTTP/1.1" 304 -
0:0:0:0:0:0:0:1 - - [18/Oct/2016:11:18:04 +0800] "GET /login HTTP/1.1" 200 884
0:0:0:0:0:0:0:1 - - [18/Oct/2016:11:18:04 +0800] "GET /css/bootstrap.min.css HTTP/1.1" 304 -
0:0:0:0:0:0:0:1 - - [18/Oct/2016:11:18:09 +0800] "POST /login HTTP/1.1" 302 -
0:0:0:0:0:0:0:1 - - [18/Oct/2016:11:18:09 +0800] "GET /index HTTP/1.1" 500 385
0:0:0:0:0:0:0:1 - - [18/Oct/2016:11:20:54 +0800] "GET /login HTTP/1.1" 200 884
0:0:0:0:0:0:0:1 - - [18/Oct/2016:11:20:54 +0800] "GET /css/bootstrap.min.css HTTP/1.1" 304 -
0:0:0:0:0:0:0:1 - - [18/Oct/2016:11:20:59 +0800] "POST /login HTTP/1.1" 302 -
0:0:0:0:0:0:0:1 - - [18/Oct/2016:11:20:59 +0800] "GET /index;JSESSIONID=ebe5a883-d664-4e8b-89b9-51759b453490 HTTP/1.1" 302 -
0:0:0:0:0:0:0:1 - - [18/Oct/2016:11:20:59 +0800] "GET /unauthor HTTP/1.1" 500 393
0:0:0:0:0:0:0:1 - - [18/Oct/2016:11:22:07 +0800] "GET / HTTP/1.1" 302 -
0:0:0:0:0:0:0:1 - - [18/Oct/2016:11:22:07 +0800] "GET /unauthor HTTP/1.1" 500 393
0:0:0:0:0:0:0:1 - - [18/Oct/2016:11:22:10 +0800] "GET / HTTP/1.1" 302 -
0:0:0:0:0:0:0:1 - - [18/Oct/2016:11:22:10 +0800] "GET /unauthor HTTP/1.1" 500 393
0:0:0:0:0:0:0:1 - - [18/Oct/2016:11:22:13 +0800] "GET / HTTP/1.1" 302 -
0:0:0:0:0:0:0:1 - - [18/Oct/2016:11:22:13 +0800] "GET /unauthor HTTP/1.1" 500 393
0:0:0:0:0:0:0:1 - - [18/Oct/2016:11:22:15 +0800] "GET /unauthor HTTP/1.1" 500 393
0:0:0:0:0:0:0:1 - - [18/Oct/2016:11:22:15 +0800] "GET /unauthor HTTP/1.1" 500 393
0:0:0:0:0:0:0:1 - - [18/Oct/2016:11:22:15 +0800] "GET /unauthor HTTP/1.1" 500 393
0:0:0:0:0:0:0:1 - - [18/Oct/2016:11:22:18 +0800] "GET / HTTP/1.1" 302 -
0:0:0:0:0:0:0:1 - - [18/Oct/2016:11:22:18 +0800] "GET /unauthor HTTP/1.1" 500 393
0:0:0:0:0:0:0:1 - - [18/Oct/2016:11:23:00 +0800] "GET /unauthor HTTP/1.1" 500 393
0:0:0:0:0:0:0:1 - - [18/Oct/2016:11:23:01 +0800] "GET /unauthor HTTP/1.1" 500 393
0:0:0:0:0:0:0:1 - - [18/Oct/2016:11:23:01 +0800] "GET /unauthor HTTP/1.1" 500 393
0:0:0:0:0:0:0:1 - - [18/Oct/2016:11:23:04 +0800] "GET / HTTP/1.1" 302 -
0:0:0:0:0:0:0:1 - - [18/Oct/2016:11:23:04 +0800] "GET /unauthor HTTP/1.1" 500 393
0:0:0:0:0:0:0:1 - - [18/Oct/2016:11:23:10 +0800] "GET /login HTTP/1.1" 302 -
0:0:0:0:0:0:0:1 - - [18/Oct/2016:11:23:10 +0800] "GET /unauthor HTTP/1.1" 500 393
0:0:0:0:0:0:0:1 - - [18/Oct/2016:11:24:53 +0800] "GET /unauthor HTTP/1.1" 200 884
0:0:0:0:0:0:0:1 - - [18/Oct/2016:11:24:53 +0800] "GET /css/bootstrap.min.css HTTP/1.1" 304 -
0:0:0:0:0:0:0:1 - - [18/Oct/2016:11:25:14 +0800] "POST /login HTTP/1.1" 302 -
0:0:0:0:0:0:0:1 - - [18/Oct/2016:11:25:19 +0800] "GET /login;JSESSIONID=e28b10d7-eafb-4492-867c-1b36081f9ff3 HTTP/1.1" 200 884
0:0:0:0:0:0:0:1 - - [18/Oct/2016:11:25:42 +0800] "POST /login HTTP/1.1" 302 -
0:0:0:0:0:0:0:1 - - [18/Oct/2016:11:25:42 +0800] "GET /index HTTP/1.1" 200 845
0:0:0:0:0:0:0:1 - - [18/Oct/2016:11:25:54 +0800] "GET /index1234123 HTTP/1.1" 302 -
0:0:0:0:0:0:0:1 - - [18/Oct/2016:11:25:54 +0800] "GET /unauthor HTTP/1.1" 200 884
0:0:0:0:0:0:0:1 - - [18/Oct/2016:11:49:53 +0800] "POST /login HTTP/1.1" 302 -
0:0:0:0:0:0:0:1 - - [18/Oct/2016:11:49:53 +0800] "GET /unauthor HTTP/1.1" 200 884
0:0:0:0:0:0:0:1 - - [18/Oct/2016:11:49:53 +0800] "GET /css/bootstrap.min.css HTTP/1.1" 304 -
0:0:0:0:0:0:0:1 - - [18/Oct/2016:11:50:21 +0800] "POST /login HTTP/1.1" 302 -
0:0:0:0:0:0:0:1 - - [18/Oct/2016:11:50:21 +0800] "GET /unauthor HTTP/1.1" 200 884
0:0:0:0:0:0:0:1 - - [18/Oct/2016:11:50:31 +0800] "POST /login HTTP/1.1" 302 -
0:0:0:0:0:0:0:1 - - [18/Oct/2016:11:50:31 +0800] "GET /unauthor HTTP/1.1" 200 884
0:0:0:0:0:0:0:1 - - [18/Oct/2016:11:50:40 +0800] "POST /login HTTP/1.1" 302 -
0:0:0:0:0:0:0:1 - - [18/Oct/2016:11:50:40 +0800] "GET /unauthor HTTP/1.1" 200 884
0:0:0:0:0:0:0:1 - - [18/Oct/2016:11:50:49 +0800] "POST /login HTTP/1.1" 302 -
0:0:0:0:0:0:0:1 - - [18/Oct/2016:11:50:49 +0800] "GET /unauthor HTTP/1.1" 200 884
0:0:0:0:0:0:0:1 - - [18/Oct/2016:11:51:15 +0800] "GET /unauthor HTTP/1.1" 200 884
0:0:0:0:0:0:0:1 - - [18/Oct/2016:11:51:15 +0800] "GET /css/bootstrap.min.css HTTP/1.1" 304 -
0:0:0:0:0:0:0:1 - - [18/Oct/2016:11:51:16 +0800] "GET /unauthor HTTP/1.1" 200 884
0:0:0:0:0:0:0:1 - - [18/Oct/2016:11:51:16 +0800] "GET /css/bootstrap.min.css HTTP/1.1" 304 -
0:0:0:0:0:0:0:1 - - [18/Oct/2016:11:51:16 +0800] "GET /unauthor HTTP/1.1" 200 884
0:0:0:0:0:0:0:1 - - [18/Oct/2016:11:51:16 +0800] "GET /css/bootstrap.min.css HTTP/1.1" 304 -
0:0:0:0:0:0:0:1 - - [18/Oct/2016:11:51:16 +0800] "GET /unauthor HTTP/1.1" 200 884
0:0:0:0:0:0:0:1 - - [18/Oct/2016:11:51:16 +0800] "GET /css/bootstrap.min.css HTTP/1.1" 304 -
0:0:0:0:0:0:0:1 - - [18/Oct/2016:11:51:16 +0800] "GET /unauthor HTTP/1.1" 200 884
0:0:0:0:0:0:0:1 - - [18/Oct/2016:11:51:16 +0800] "GET /css/bootstrap.min.css HTTP/1.1" 304 -
0:0:0:0:0:0:0:1 - - [18/Oct/2016:11:51:17 +0800] "GET /unauthor HTTP/1.1" 200 884
0:0:0:0:0:0:0:1 - - [18/Oct/2016:11:51:17 +0800] "GET /css/bootstrap.min.css HTTP/1.1" 304 -
0:0:0:0:0:0:0:1 - - [18/Oct/2016:11:51:20 +0800] "POST /login HTTP/1.1" 302 -
0:0:0:0:0:0:0:1 - - [18/Oct/2016:11:51:20 +0800] "GET /unauthor HTTP/1.1" 200 884
0:0:0:0:0:0:0:1 - - [18/Oct/2016:11:51:25 +0800] "POST /login HTTP/1.1" 302 -
0:0:0:0:0:0:0:1 - - [18/Oct/2016:11:51:25 +0800] "GET /unauthor HTTP/1.1" 200 884
0:0:0:0:0:0:0:1 - - [18/Oct/2016:11:51:28 +0800] "GET / HTTP/1.1" 302 -
0:0:0:0:0:0:0:1 - - [18/Oct/2016:11:51:28 +0800] "GET /unauthor HTTP/1.1" 200 884
0:0:0:0:0:0:0:1 - - [18/Oct/2016:11:51:32 +0800] "GET / HTTP/1.1" 302 -
0:0:0:0:0:0:0:1 - - [18/Oct/2016:11:51:32 +0800] "GET /unauthor HTTP/1.1" 200 884
0:0:0:0:0:0:0:1 - - [18/Oct/2016:11:51:41 +0800] "GET / HTTP/1.1" 302 -
0:0:0:0:0:0:0:1 - - [18/Oct/2016:11:51:41 +0800] "GET /unauthor HTTP/1.1" 200 884
0:0:0:0:0:0:0:1 - - [18/Oct/2016:11:51:44 +0800] "GET / HTTP/1.1" 302 -
0:0:0:0:0:0:0:1 - - [18/Oct/2016:11:51:44 +0800] "GET /unauthor HTTP/1.1" 200 884
0:0:0:0:0:0:0:1 - - [18/Oct/2016:11:53:26 +0800] "GET / HTTP/1.1" 302 -
0:0:0:0:0:0:0:1 - - [18/Oct/2016:11:53:35 +0800] "GET /login;JSESSIONID=cfe7dc08-4381-4cd7-bea9-9f0b696f3af4 HTTP/1.1" 200 884
0:0:0:0:0:0:0:1 - - [18/Oct/2016:11:53:36 +0800] "GET /favicon.ico HTTP/1.1" 302 -
0:0:0:0:0:0:0:1 - - [18/Oct/2016:11:53:36 +0800] "GET /login HTTP/1.1" 200 884
0:0:0:0:0:0:0:1 - - [18/Oct/2016:11:53:43 +0800] "POST /login HTTP/1.1" 302 -
0:0:0:0:0:0:0:1 - - [18/Oct/2016:11:53:43 +0800] "GET /login HTTP/1.1" 200 884
0:0:0:0:0:0:0:1 - - [18/Oct/2016:11:53:43 +0800] "GET /favicon.ico HTTP/1.1" 302 -
0:0:0:0:0:0:0:1 - - [18/Oct/2016:11:53:43 +0800] "GET /login HTTP/1.1" 200 884
0:0:0:0:0:0:0:1 - - [18/Oct/2016:11:53:53 +0800] "POST /login HTTP/1.1" 302 -
0:0:0:0:0:0:0:1 - - [18/Oct/2016:11:53:53 +0800] "GET /index HTTP/1.1" 200 845
0:0:0:0:0:0:0:1 - - [18/Oct/2016:11:53:53 +0800] "GET /favicon.ico HTTP/1.1" 302 -
0:0:0:0:0:0:0:1 - - [18/Oct/2016:11:53:53 +0800] "GET /unauthor HTTP/1.1" 200 884
0:0:0:0:0:0:0:1 - - [18/Oct/2016:12:01:27 +0800] "GET / HTTP/1.1" 302 -
0:0:0:0:0:0:0:1 - - [18/Oct/2016:12:01:27 +0800] "GET /login;JSESSIONID=515731ab-26cd-4abf-b2bd-dbd4e4866221 HTTP/1.1" 200 884
0:0:0:0:0:0:0:1 - - [18/Oct/2016:12:01:27 +0800] "GET /css/bootstrap.min.css HTTP/1.1" 304 -
0:0:0:0:0:0:0:1 - - [18/Oct/2016:12:01:27 +0800] "GET /favicon.ico HTTP/1.1" 302 -
0:0:0:0:0:0:0:1 - - [18/Oct/2016:12:01:27 +0800] "GET /login HTTP/1.1" 200 884
0:0:0:0:0:0:0:1 - - [18/Oct/2016:12:01:35 +0800] "POST /login HTTP/1.1" 302 -
0:0:0:0:0:0:0:1 - - [18/Oct/2016:12:01:35 +0800] "GET /login HTTP/1.1" 200 884
0:0:0:0:0:0:0:1 - - [18/Oct/2016:12:01:35 +0800] "GET /favicon.ico HTTP/1.1" 302 -
0:0:0:0:0:0:0:1 - - [18/Oct/2016:12:01:35 +0800] "GET /login HTTP/1.1" 200 884
0:0:0:0:0:0:0:1 - - [18/Oct/2016:12:01:38 +0800] "POST /login HTTP/1.1" 302 -
0:0:0:0:0:0:0:1 - - [18/Oct/2016:12:01:38 +0800] "GET /login HTTP/1.1" 200 884
0:0:0:0:0:0:0:1 - - [18/Oct/2016:12:01:38 +0800] "GET /favicon.ico HTTP/1.1" 302 -
0:0:0:0:0:0:0:1 - - [18/Oct/2016:12:01:38 +0800] "GET /login HTTP/1.1" 200 884
0:0:0:0:0:0:0:1 - - [18/Oct/2016:12:42:27 +0800] "GET /login HTTP/1.1" 200 884
0:0:0:0:0:0:0:1 - - [18/Oct/2016:12:42:28 +0800] "GET /css/bootstrap.min.css HTTP/1.1" 304 -
0:0:0:0:0:0:0:1 - - [18/Oct/2016:12:42:28 +0800] "GET /favicon.ico HTTP/1.1" 302 -
0:0:0:0:0:0:0:1 - - [18/Oct/2016:12:42:28 +0800] "GET /login;JSESSIONID=d347fabf-872b-4b0e-a53d-a7fd4627148e HTTP/1.1" 200 884
0:0:0:0:0:0:0:1 - - [18/Oct/2016:12:42:31 +0800] "POST /login HTTP/1.1" 302 -
0:0:0:0:0:0:0:1 - - [18/Oct/2016:12:42:32 +0800] "GET /login HTTP/1.1" 200 884
0:0:0:0:0:0:0:1 - - [18/Oct/2016:12:42:32 +0800] "GET /favicon.ico HTTP/1.1" 302 -
0:0:0:0:0:0:0:1 - - [18/Oct/2016:12:42:32 +0800] "GET /login HTTP/1.1" 200 884
0:0:0:0:0:0:0:1 - - [18/Oct/2016:12:42:36 +0800] "POST /login HTTP/1.1" 302 -
0:0:0:0:0:0:0:1 - - [18/Oct/2016:12:42:36 +0800] "GET /login HTTP/1.1" 200 884
0:0:0:0:0:0:0:1 - - [18/Oct/2016:12:42:36 +0800] "GET /favicon.ico HTTP/1.1" 302 -
0:0:0:0:0:0:0:1 - - [18/Oct/2016:12:42:36 +0800] "GET /login HTTP/1.1" 200 884
0:0:0:0:0:0:0:1 - - [18/Oct/2016:12:45:40 +0800] "GET /login HTTP/1.1" 200 884
0:0:0:0:0:0:0:1 - - [18/Oct/2016:12:45:40 +0800] "GET /css/bootstrap.min.css HTTP/1.1" 304 -
0:0:0:0:0:0:0:1 - - [18/Oct/2016:12:45:40 +0800] "GET /favicon.ico HTTP/1.1" 302 -
0:0:0:0:0:0:0:1 - - [18/Oct/2016:12:45:40 +0800] "GET /login;JSESSIONID=228f129d-2587-4f3f-b05f-2ed05d413936 HTTP/1.1" 200 884
0:0:0:0:0:0:0:1 - - [18/Oct/2016:12:45:44 +0800] "POST /login HTTP/1.1" 302 -
0:0:0:0:0:0:0:1 - - [18/Oct/2016:12:45:44 +0800] "GET /login HTTP/1.1" 200 884
0:0:0:0:0:0:0:1 - - [18/Oct/2016:12:45:44 +0800] "GET /favicon.ico HTTP/1.1" 302 -
0:0:0:0:0:0:0:1 - - [18/Oct/2016:12:45:44 +0800] "GET /login HTTP/1.1" 200 884
0:0:0:0:0:0:0:1 - - [18/Oct/2016:12:45:50 +0800] "POST /login HTTP/1.1" 302 -
0:0:0:0:0:0:0:1 - - [18/Oct/2016:12:45:50 +0800] "GET /login HTTP/1.1" 200 884
0:0:0:0:0:0:0:1 - - [18/Oct/2016:12:45:50 +0800] "GET /favicon.ico HTTP/1.1" 302 -
0:0:0:0:0:0:0:1 - - [18/Oct/2016:12:45:50 +0800] "GET /login HTTP/1.1" 200 884
0:0:0:0:0:0:0:1 - - [18/Oct/2016:12:52:39 +0800] "GET /login HTTP/1.1" 200 884
0:0:0:0:0:0:0:1 - - [18/Oct/2016:12:52:39 +0800] "GET /css/bootstrap.min.css HTTP/1.1" 304 -
0:0:0:0:0:0:0:1 - - [18/Oct/2016:12:52:39 +0800] "GET /favicon.ico HTTP/1.1" 302 -
0:0:0:0:0:0:0:1 - - [18/Oct/2016:12:52:39 +0800] "GET /login;JSESSIONID=43f93d37-e7a4-4fdb-b3b5-f7d375680756 HTTP/1.1" 200 884
0:0:0:0:0:0:0:1 - - [18/Oct/2016:12:52:43 +0800] "POST /login HTTP/1.1" 400 907
0:0:0:0:0:0:0:1 - - [18/Oct/2016:12:52:43 +0800] "GET /favicon.ico HTTP/1.1" 302 -
0:0:0:0:0:0:0:1 - - [18/Oct/2016:12:52:43 +0800] "GET /login HTTP/1.1" 200 884
0:0:0:0:0:0:0:1 - - [18/Oct/2016:12:53:11 +0800] "GET /favicon.ico HTTP/1.1" 302 -
0:0:0:0:0:0:0:1 - - [18/Oct/2016:12:53:11 +0800] "GET /login HTTP/1.1" 200 884
0:0:0:0:0:0:0:1 - - [18/Oct/2016:12:53:14 +0800] "POST /login HTTP/1.1" 400 1566
0:0:0:0:0:0:0:1 - - [18/Oct/2016:12:53:14 +0800] "GET /favicon.ico HTTP/1.1" 302 -
0:0:0:0:0:0:0:1 - - [18/Oct/2016:12:53:14 +0800] "GET /login HTTP/1.1" 200 884
0:0:0:0:0:0:0:1 - - [18/Oct/2016:12:53:48 +0800] "GET /login HTTP/1.1" 200 884
0:0:0:0:0:0:0:1 - - [18/Oct/2016:12:53:48 +0800] "GET /favicon.ico HTTP/1.1" 302 -
0:0:0:0:0:0:0:1 - - [18/Oct/2016:12:53:48 +0800] "GET /login HTTP/1.1" 200 884
0:0:0:0:0:0:0:1 - - [18/Oct/2016:12:53:51 +0800] "GET / HTTP/1.1" 302 -
0:0:0:0:0:0:0:1 - - [18/Oct/2016:12:53:51 +0800] "GET /login HTTP/1.1" 200 884
0:0:0:0:0:0:0:1 - - [18/Oct/2016:12:53:51 +0800] "GET /favicon.ico HTTP/1.1" 302 -
0:0:0:0:0:0:0:1 - - [18/Oct/2016:12:53:52 +0800] "GET /login HTTP/1.1" 200 884
0:0:0:0:0:0:0:1 - - [18/Oct/2016:12:53:54 +0800] "POST /login HTTP/1.1" 400 1566
0:0:0:0:0:0:0:1 - - [18/Oct/2016:12:53:54 +0800] "GET /favicon.ico HTTP/1.1" 302 -
0:0:0:0:0:0:0:1 - - [18/Oct/2016:12:53:54 +0800] "GET /login HTTP/1.1" 200 884
0:0:0:0:0:0:0:1 - - [18/Oct/2016:12:56:11 +0800] "GET / HTTP/1.1" 302 -
0:0:0:0:0:0:0:1 - - [18/Oct/2016:12:56:11 +0800] "GET /login;JSESSIONID=54706b1e-b7a9-4a04-976b-acfa2c8684e7 HTTP/1.1" 200 884
0:0:0:0:0:0:0:1 - - [18/Oct/2016:12:56:11 +0800] "GET /favicon.ico HTTP/1.1" 302 -
0:0:0:0:0:0:0:1 - - [18/Oct/2016:12:56:11 +0800] "GET /login HTTP/1.1" 200 884
0:0:0:0:0:0:0:1 - - [18/Oct/2016:12:56:14 +0800] "POST /login HTTP/1.1" 200 1030
0:0:0:0:0:0:0:1 - - [18/Oct/2016:12:56:14 +0800] "GET /favicon.ico HTTP/1.1" 302 -
0:0:0:0:0:0:0:1 - - [18/Oct/2016:12:56:14 +0800] "GET /login HTTP/1.1" 200 884
0:0:0:0:0:0:0:1 - - [18/Oct/2016:12:56:20 +0800] "POST /login HTTP/1.1" 200 1030
0:0:0:0:0:0:0:1 - - [18/Oct/2016:12:56:20 +0800] "GET /favicon.ico HTTP/1.1" 302 -
0:0:0:0:0:0:0:1 - - [18/Oct/2016:12:56:20 +0800] "GET /login HTTP/1.1" 200 884
0:0:0:0:0:0:0:1 - - [18/Oct/2016:17:02:03 +0800] "GET /redis HTTP/1.1" 400 462
0:0:0:0:0:0:0:1 - - [18/Oct/2016:17:02:03 +0800] "GET /favicon.ico HTTP/1.1" 302 -
0:0:0:0:0:0:0:1 - - [18/Oct/2016:17:02:05 +0800] "GET /login;JSESSIONID=21a76c67-9a14-4407-ad73-3388f17b1b73 HTTP/1.1" 200 884
0:0:0:0:0:0:0:1 - - [18/Oct/2016:17:02:08 +0800] "GET /redis/ HTTP/1.1" 200 913
0:0:0:0:0:0:0:1 - - [18/Oct/2016:17:02:08 +0800] "GET /css/bootstrap.min.css HTTP/1.1" 200 83054
0:0:0:0:0:0:0:1 - - [18/Oct/2016:17:02:08 +0800] "GET /favicon.ico HTTP/1.1" 302 -
0:0:0:0:0:0:0:1 - - [18/Oct/2016:17:02:08 +0800] "GET /login HTTP/1.1" 200 884
0:0:0:0:0:0:0:1 - - [18/Oct/2016:17:02:20 +0800] "POST /redis/create HTTP/1.1" 415 383
0:0:0:0:0:0:0:1 - - [18/Oct/2016:17:02:20 +0800] "GET /favicon.ico HTTP/1.1" 302 -
0:0:0:0:0:0:0:1 - - [18/Oct/2016:17:02:20 +0800] "GET /login HTTP/1.1" 200 884
0:0:0:0:0:0:0:1 - - [18/Oct/2016:17:03:47 +0800] "GET /redis/1 HTTP/1.1" 500 442
0:0:0:0:0:0:0:1 - - [18/Oct/2016:17:03:47 +0800] "GET /favicon.ico HTTP/1.1" 302 -
0:0:0:0:0:0:0:1 - - [18/Oct/2016:17:03:48 +0800] "GET /login HTTP/1.1" 200 884
0:0:0:0:0:0:0:1 - - [18/Oct/2016:17:20:27 +0800] "GET /redis/ HTTP/1.1" 200 913
0:0:0:0:0:0:0:1 - - [18/Oct/2016:17:20:27 +0800] "GET /css/bootstrap.min.css HTTP/1.1" 304 -
0:0:0:0:0:0:0:1 - - [18/Oct/2016:17:20:27 +0800] "GET /favicon.ico HTTP/1.1" 302 -
0:0:0:0:0:0:0:1 - - [18/Oct/2016:17:20:27 +0800] "GET /login;JSESSIONID=2695eb7c-cc76-4601-a4bd-784c841938f7 HTTP/1.1" 200 884
0:0:0:0:0:0:0:1 - - [18/Oct/2016:17:20:38 +0800] "POST /redis/create HTTP/1.1" 415 383
0:0:0:0:0:0:0:1 - - [18/Oct/2016:17:20:38 +0800] "GET /favicon.ico HTTP/1.1" 302 -
0:0:0:0:0:0:0:1 - - [18/Oct/2016:17:20:38 +0800] "GET /login HTTP/1.1" 200 884
0:0:0:0:0:0:0:1 - - [18/Oct/2016:17:23:01 +0800] "GET /redis/ HTTP/1.1" 200 913
0:0:0:0:0:0:0:1 - - [18/Oct/2016:17:23:01 +0800] "GET /favicon.ico HTTP/1.1" 302 -
0:0:0:0:0:0:0:1 - - [18/Oct/2016:17:23:01 +0800] "GET /login;JSESSIONID=9bb9d1b6-ef2c-4707-9e2c-b19f94659c42 HTTP/1.1" 200 884
0:0:0:0:0:0:0:1 - - [18/Oct/2016:17:23:13 +0800] "POST /redis/create HTTP/1.1" 500 2615
0:0:0:0:0:0:0:1 - - [18/Oct/2016:17:23:13 +0800] "GET /favicon.ico HTTP/1.1" 302 -
0:0:0:0:0:0:0:1 - - [18/Oct/2016:17:23:14 +0800] "GET /login HTTP/1.1" 200 884
0:0:0:0:0:0:0:1 - - [18/Oct/2016:17:37:29 +0800] "GET /redis/ HTTP/1.1" 200 913
0:0:0:0:0:0:0:1 - - [18/Oct/2016:17:37:29 +0800] "GET /css/bootstrap.min.css HTTP/1.1" 304 -
0:0:0:0:0:0:0:1 - - [18/Oct/2016:17:37:29 +0800] "GET /favicon.ico HTTP/1.1" 302 -
0:0:0:0:0:0:0:1 - - [18/Oct/2016:17:37:29 +0800] "GET /login HTTP/1.1" 200 884
0:0:0:0:0:0:0:1 - - [18/Oct/2016:17:37:39 +0800] "POST /redis/create HTTP/1.1" 200 -
0:0:0:0:0:0:0:1 - - [18/Oct/2016:17:37:39 +0800] "GET /favicon.ico HTTP/1.1" 302 -
0:0:0:0:0:0:0:1 - - [18/Oct/2016:17:37:39 +0800] "GET /login HTTP/1.1" 200 884
0:0:0:0:0:0:0:1 - - [18/Oct/2016:17:38:33 +0800] "GET /redis/1 HTTP/1.1" 200 43
0:0:0:0:0:0:0:1 - - [18/Oct/2016:17:38:33 +0800] "GET /favicon.ico HTTP/1.1" 302 -
0:0:0:0:0:0:0:1 - - [18/Oct/2016:17:38:33 +0800] "GET /login HTTP/1.1" 200 884
