0:0:0:0:0:0:0:1 - - [17/Oct/2016:11:26:00 +0800] "GET / HTTP/1.1" 200 845
0:0:0:0:0:0:0:1 - - [17/Oct/2016:11:26:00 +0800] "GET /css/bootstrap.min.css HTTP/1.1" 200 83054
0:0:0:0:0:0:0:1 - - [17/Oct/2016:11:26:03 +0800] "GET /?form HTTP/1.1" 200 967
0:0:0:0:0:0:0:1 - - [17/Oct/2016:11:26:06 +0800] "POST /?form HTTP/1.1" 302 -
0:0:0:0:0:0:0:1 - - [17/Oct/2016:11:26:06 +0800] "GET /1;jsessionid=D6F52BBDE8F68E41544DB08EF09A54CC HTTP/1.1" 200 996
0:0:0:0:0:0:0:1 - - [17/Oct/2016:11:26:09 +0800] "GET / HTTP/1.1" 200 914
0:0:0:0:0:0:0:1 - - [17/Oct/2016:15:07:10 +0800] "GET /user HTTP/1.1" 400 721
0:0:0:0:0:0:0:1 - - [17/Oct/2016:15:09:36 +0800] "GET /user HTTP/1.1" 500 596
0:0:0:0:0:0:0:1 - - [17/Oct/2016:15:09:36 +0800] "GET /favicon.ico HTTP/1.1" 200 2862
0:0:0:0:0:0:0:1 - - [17/Oct/2016:15:11:32 +0800] "GET /user HTTP/1.1" 500 596
0:0:0:0:0:0:0:1 - - [17/Oct/2016:15:11:32 +0800] "GET /favicon.ico HTTP/1.1" 200 2862
0:0:0:0:0:0:0:1 - - [17/Oct/2016:15:11:35 +0800] "GET /user HTTP/1.1" 500 596
0:0:0:0:0:0:0:1 - - [17/Oct/2016:15:11:35 +0800] "GET /favicon.ico HTTP/1.1" 200 2862
0:0:0:0:0:0:0:1 - - [17/Oct/2016:15:11:35 +0800] "GET /user HTTP/1.1" 500 596
0:0:0:0:0:0:0:1 - - [17/Oct/2016:15:11:35 +0800] "GET /favicon.ico HTTP/1.1" 200 2862
0:0:0:0:0:0:0:1 - - [17/Oct/2016:15:11:36 +0800] "GET /user HTTP/1.1" 500 596
0:0:0:0:0:0:0:1 - - [17/Oct/2016:15:11:36 +0800] "GET /favicon.ico HTTP/1.1" 200 2862
0:0:0:0:0:0:0:1 - - [17/Oct/2016:15:11:36 +0800] "GET /user HTTP/1.1" 500 596
0:0:0:0:0:0:0:1 - - [17/Oct/2016:15:11:36 +0800] "GET /favicon.ico HTTP/1.1" 200 2862
0:0:0:0:0:0:0:1 - - [17/Oct/2016:15:11:36 +0800] "GET /user HTTP/1.1" 500 596
0:0:0:0:0:0:0:1 - - [17/Oct/2016:15:11:36 +0800] "GET /favicon.ico HTTP/1.1" 200 2862
0:0:0:0:0:0:0:1 - - [17/Oct/2016:15:11:42 +0800] "GET / HTTP/1.1" 200 845
0:0:0:0:0:0:0:1 - - [17/Oct/2016:15:11:42 +0800] "GET /css/bootstrap.min.css HTTP/1.1" 304 -
0:0:0:0:0:0:0:1 - - [17/Oct/2016:15:12:41 +0800] "GET /user/ HTTP/1.1" 200 844
0:0:0:0:0:0:0:1 - - [17/Oct/2016:15:44:51 +0800] "GET /user/ HTTP/1.1" 200 843
0:0:0:0:0:0:0:1 - - [17/Oct/2016:15:44:51 +0800] "GET /css/bootstrap.min.css HTTP/1.1" 304 -
0:0:0:0:0:0:0:1 - - [17/Oct/2016:15:44:51 +0800] "GET /favicon.ico HTTP/1.1" 200 2862
0:0:0:0:0:0:0:1 - - [17/Oct/2016:15:44:53 +0800] "GET /user/form HTTP/1.1" 500 398
0:0:0:0:0:0:0:1 - - [17/Oct/2016:15:46:33 +0800] "GET /user/form HTTP/1.1" 500 398
0:0:0:0:0:0:0:1 - - [17/Oct/2016:15:47:57 +0800] "GET /user/ HTTP/1.1" 200 843
0:0:0:0:0:0:0:1 - - [17/Oct/2016:15:48:00 +0800] "GET /user/form HTTP/1.1" 500 398
0:0:0:0:0:0:0:1 - - [17/Oct/2016:15:49:32 +0800] "GET /user/form HTTP/1.1" 500 398
0:0:0:0:0:0:0:1 - - [17/Oct/2016:15:49:32 +0800] "GET /favicon.ico HTTP/1.1" 200 2862
0:0:0:0:0:0:0:1 - - [17/Oct/2016:15:51:54 +0800] "GET /user/form HTTP/1.1" 500 398
0:0:0:0:0:0:0:1 - - [17/Oct/2016:15:51:54 +0800] "GET /favicon.ico HTTP/1.1" 200 2862
0:0:0:0:0:0:0:1 - - [17/Oct/2016:15:54:22 +0800] "GET /user/form HTTP/1.1" 500 398
0:0:0:0:0:0:0:1 - - [17/Oct/2016:15:54:23 +0800] "GET /favicon.ico HTTP/1.1" 200 2862
0:0:0:0:0:0:0:1 - - [17/Oct/2016:15:56:05 +0800] "GET /user/form HTTP/1.1" 200 979
0:0:0:0:0:0:0:1 - - [17/Oct/2016:15:56:05 +0800] "GET /css/bootstrap.min.css HTTP/1.1" 304 -
0:0:0:0:0:0:0:1 - - [17/Oct/2016:15:56:05 +0800] "GET /favicon.ico HTTP/1.1" 200 2862
0:0:0:0:0:0:0:1 - - [17/Oct/2016:15:57:35 +0800] "GET /user/form HTTP/1.1" 200 982
0:0:0:0:0:0:0:1 - - [17/Oct/2016:15:57:35 +0800] "GET /css/bootstrap.min.css HTTP/1.1" 304 -
0:0:0:0:0:0:0:1 - - [17/Oct/2016:15:57:36 +0800] "GET /favicon.ico HTTP/1.1" 200 2862
0:0:0:0:0:0:0:1 - - [17/Oct/2016:15:57:45 +0800] "POST /user/create HTTP/1.1" 302 -
0:0:0:0:0:0:0:1 - - [17/Oct/2016:15:57:46 +0800] "GET /user/1;jsessionid=F2705CE04BD1467C7A1F9180747EEBA1 HTTP/1.1" 500 374
0:0:0:0:0:0:0:1 - - [17/Oct/2016:15:59:22 +0800] "GET /user/ HTTP/1.1" 200 885
0:0:0:0:0:0:0:1 - - [17/Oct/2016:15:59:30 +0800] "GET /user/1 HTTP/1.1" 500 374
0:0:0:0:0:0:0:1 - - [17/Oct/2016:15:59:51 +0800] "GET / HTTP/1.1" 200 845
0:0:0:0:0:0:0:1 - - [17/Oct/2016:15:59:53 +0800] "GET /?form HTTP/1.1" 200 967
0:0:0:0:0:0:0:1 - - [17/Oct/2016:15:59:56 +0800] "POST /?form HTTP/1.1" 302 -
0:0:0:0:0:0:0:1 - - [17/Oct/2016:15:59:57 +0800] "GET /1 HTTP/1.1" 200 998
0:0:0:0:0:0:0:1 - - [17/Oct/2016:16:00:00 +0800] "GET / HTTP/1.1" 200 913
0:0:0:0:0:0:0:1 - - [17/Oct/2016:16:08:40 +0800] "GET / HTTP/1.1" 200 913
0:0:0:0:0:0:0:1 - - [17/Oct/2016:16:08:40 +0800] "GET /css/bootstrap.min.css HTTP/1.1" 304 -
0:0:0:0:0:0:0:1 - - [17/Oct/2016:16:08:40 +0800] "GET /favicon.ico HTTP/1.1" 200 2862
0:0:0:0:0:0:0:1 - - [17/Oct/2016:16:08:41 +0800] "GET / HTTP/1.1" 200 913
0:0:0:0:0:0:0:1 - - [17/Oct/2016:16:08:41 +0800] "GET /css/bootstrap.min.css HTTP/1.1" 304 -
0:0:0:0:0:0:0:1 - - [17/Oct/2016:16:08:41 +0800] "GET /favicon.ico HTTP/1.1" 200 2862
0:0:0:0:0:0:0:1 - - [17/Oct/2016:16:08:41 +0800] "GET / HTTP/1.1" 200 913
0:0:0:0:0:0:0:1 - - [17/Oct/2016:16:08:41 +0800] "GET /css/bootstrap.min.css HTTP/1.1" 304 -
0:0:0:0:0:0:0:1 - - [17/Oct/2016:16:08:41 +0800] "GET /favicon.ico HTTP/1.1" 200 2862
0:0:0:0:0:0:0:1 - - [17/Oct/2016:16:08:41 +0800] "GET / HTTP/1.1" 200 913
0:0:0:0:0:0:0:1 - - [17/Oct/2016:16:08:41 +0800] "GET /css/bootstrap.min.css HTTP/1.1" 304 -
0:0:0:0:0:0:0:1 - - [17/Oct/2016:16:08:41 +0800] "GET /favicon.ico HTTP/1.1" 200 2862
0:0:0:0:0:0:0:1 - - [17/Oct/2016:16:08:41 +0800] "GET / HTTP/1.1" 200 913
0:0:0:0:0:0:0:1 - - [17/Oct/2016:16:08:41 +0800] "GET /css/bootstrap.min.css HTTP/1.1" 304 -
0:0:0:0:0:0:0:1 - - [17/Oct/2016:16:08:41 +0800] "GET /favicon.ico HTTP/1.1" 200 2862
0:0:0:0:0:0:0:1 - - [17/Oct/2016:16:08:43 +0800] "GET /1 HTTP/1.1" 200 925
0:0:0:0:0:0:0:1 - - [17/Oct/2016:16:19:55 +0800] "GET /user/ HTTP/1.1" 200 843
0:0:0:0:0:0:0:1 - - [17/Oct/2016:16:19:57 +0800] "GET /user/form HTTP/1.1" 200 982
0:0:0:0:0:0:0:1 - - [17/Oct/2016:16:20:01 +0800] "POST /user/create HTTP/1.1" 302 -
0:0:0:0:0:0:0:1 - - [17/Oct/2016:16:20:01 +0800] "GET /user/1 HTTP/1.1" 200 922
0:0:0:0:0:0:0:1 - - [17/Oct/2016:16:20:07 +0800] "GET /user/ HTTP/1.1" 200 880
0:0:0:0:0:0:0:1 - - [17/Oct/2016:16:30:57 +0800] "GET /user/form HTTP/1.1" 200 982
0:0:0:0:0:0:0:1 - - [17/Oct/2016:17:14:25 +0800] "GET /login HTTP/1.1" 500 393
0:0:0:0:0:0:0:1 - - [17/Oct/2016:17:15:48 +0800] "GET /login HTTP/1.1" 200 959
0:0:0:0:0:0:0:1 - - [17/Oct/2016:17:15:48 +0800] "GET /css/bootstrap.min.css HTTP/1.1" 304 -
0:0:0:0:0:0:0:1 - - [17/Oct/2016:17:15:49 +0800] "GET /favicon.ico HTTP/1.1" 200 2862
0:0:0:0:0:0:0:1 - - [17/Oct/2016:17:16:29 +0800] "GET /login HTTP/1.1" 200 943
0:0:0:0:0:0:0:1 - - [17/Oct/2016:17:16:29 +0800] "GET /css/bootstrap.min.css HTTP/1.1" 304 -
0:0:0:0:0:0:0:1 - - [17/Oct/2016:17:16:29 +0800] "GET /favicon.ico HTTP/1.1" 200 2862
0:0:0:0:0:0:0:1 - - [17/Oct/2016:17:16:49 +0800] "GET /login HTTP/1.1" 200 886
0:0:0:0:0:0:0:1 - - [17/Oct/2016:17:16:49 +0800] "GET /css/bootstrap.min.css HTTP/1.1" 304 -
0:0:0:0:0:0:0:1 - - [17/Oct/2016:17:16:49 +0800] "GET /favicon.ico HTTP/1.1" 200 2862
0:0:0:0:0:0:0:1 - - [17/Oct/2016:17:16:56 +0800] "POST /doLogin HTTP/1.1" 302 -
0:0:0:0:0:0:0:1 - - [17/Oct/2016:17:16:56 +0800] "GET / HTTP/1.1" 200 845
0:0:0:0:0:0:0:1 - - [17/Oct/2016:17:32:09 +0800] "GET /login HTTP/1.1" 200 886
0:0:0:0:0:0:0:1 - - [17/Oct/2016:17:32:09 +0800] "GET /css/bootstrap.min.css HTTP/1.1" 304 -
0:0:0:0:0:0:0:1 - - [17/Oct/2016:17:32:09 +0800] "GET /favicon.ico HTTP/1.1" 200 2862
0:0:0:0:0:0:0:1 - - [17/Oct/2016:17:32:13 +0800] "POST /doLogin HTTP/1.1" 200 977
0:0:0:0:0:0:0:1 - - [17/Oct/2016:17:32:28 +0800] "POST /doLogin HTTP/1.1" 302 -
0:0:0:0:0:0:0:1 - - [17/Oct/2016:17:32:28 +0800] "GET / HTTP/1.1" 200 845
