0:0:0:0:0:0:0:1 - - [02/Nov/2016:15:23:45 +0800] "GET /mq/send HTTP/1.1" 302 -
0:0:0:0:0:0:0:1 - - [02/Nov/2016:15:23:51 +0800] "GET /login;JSESSIONID=b0f156c7-ea31-467b-b5af-86d2b05efc9a HTTP/1.1" 200 884
0:0:0:0:0:0:0:1 - - [02/Nov/2016:15:23:51 +0800] "GET /css/bootstrap.min.css HTTP/1.1" 200 83054
0:0:0:0:0:0:0:1 - - [02/Nov/2016:15:23:51 +0800] "GET /favicon.ico HTTP/1.1" 302 -
0:0:0:0:0:0:0:1 - - [02/Nov/2016:15:23:51 +0800] "GET /login HTTP/1.1" 200 884
0:0:0:0:0:0:0:1 - - [02/Nov/2016:15:24:08 +0800] "POST /login HTTP/1.1" 200 981
0:0:0:0:0:0:0:1 - - [02/Nov/2016:15:24:08 +0800] "GET /favicon.ico HTTP/1.1" 302 -
0:0:0:0:0:0:0:1 - - [02/Nov/2016:15:24:08 +0800] "GET /login HTTP/1.1" 200 884
0:0:0:0:0:0:0:1 - - [02/Nov/2016:15:24:11 +0800] "POST /login HTTP/1.1" 200 981
0:0:0:0:0:0:0:1 - - [02/Nov/2016:15:24:11 +0800] "GET /favicon.ico HTTP/1.1" 302 -
0:0:0:0:0:0:0:1 - - [02/Nov/2016:15:24:11 +0800] "GET /login HTTP/1.1" 200 884
0:0:0:0:0:0:0:1 - - [02/Nov/2016:15:24:15 +0800] "POST /login HTTP/1.1" 302 -
0:0:0:0:0:0:0:1 - - [02/Nov/2016:15:24:16 +0800] "GET /index HTTP/1.1" 302 -
0:0:0:0:0:0:0:1 - - [02/Nov/2016:15:24:16 +0800] "GET /unauthor HTTP/1.1" 200 884
0:0:0:0:0:0:0:1 - - [02/Nov/2016:15:24:16 +0800] "GET /favicon.ico HTTP/1.1" 302 -
0:0:0:0:0:0:0:1 - - [02/Nov/2016:15:24:16 +0800] "GET /unauthor HTTP/1.1" 200 884
0:0:0:0:0:0:0:1 - - [02/Nov/2016:15:24:25 +0800] "POST /login HTTP/1.1" 302 -
0:0:0:0:0:0:0:1 - - [02/Nov/2016:15:24:25 +0800] "GET /unauthor HTTP/1.1" 200 884
0:0:0:0:0:0:0:1 - - [02/Nov/2016:15:24:25 +0800] "GET /favicon.ico HTTP/1.1" 302 -
0:0:0:0:0:0:0:1 - - [02/Nov/2016:15:24:25 +0800] "GET /unauthor HTTP/1.1" 200 884
0:0:0:0:0:0:0:1 - - [02/Nov/2016:15:24:34 +0800] "POST /login HTTP/1.1" 302 -
0:0:0:0:0:0:0:1 - - [02/Nov/2016:15:24:34 +0800] "GET /unauthor HTTP/1.1" 200 884
0:0:0:0:0:0:0:1 - - [02/Nov/2016:15:24:34 +0800] "GET /favicon.ico HTTP/1.1" 302 -
0:0:0:0:0:0:0:1 - - [02/Nov/2016:15:24:34 +0800] "GET /unauthor HTTP/1.1" 200 884
0:0:0:0:0:0:0:1 - - [02/Nov/2016:15:26:14 +0800] "GET /mq/send HTTP/1.1" 302 -
0:0:0:0:0:0:0:1 - - [02/Nov/2016:15:26:14 +0800] "GET /login;JSESSIONID=02ca305b-0b33-41d9-8c73-5adf73c49ddc HTTP/1.1" 200 884
0:0:0:0:0:0:0:1 - - [02/Nov/2016:15:26:14 +0800] "GET /favicon.ico HTTP/1.1" 302 -
0:0:0:0:0:0:0:1 - - [02/Nov/2016:15:26:14 +0800] "GET /login HTTP/1.1" 200 884
0:0:0:0:0:0:0:1 - - [02/Nov/2016:15:28:49 +0800] "GET /mq/send HTTP/1.1" 302 -
0:0:0:0:0:0:0:1 - - [02/Nov/2016:15:28:50 +0800] "GET /login;JSESSIONID=aa30cf7f-be77-45d0-b184-fca4e2e75fc5 HTTP/1.1" 200 884
0:0:0:0:0:0:0:1 - - [02/Nov/2016:15:28:50 +0800] "GET /favicon.ico HTTP/1.1" 302 -
0:0:0:0:0:0:0:1 - - [02/Nov/2016:15:28:50 +0800] "GET /login HTTP/1.1" 200 884
0:0:0:0:0:0:0:1 - - [02/Nov/2016:15:29:10 +0800] "GET /mq/send HTTP/1.1" 302 -
0:0:0:0:0:0:0:1 - - [02/Nov/2016:15:29:10 +0800] "GET /login HTTP/1.1" 200 884
0:0:0:0:0:0:0:1 - - [02/Nov/2016:15:29:10 +0800] "GET /favicon.ico HTTP/1.1" 302 -
0:0:0:0:0:0:0:1 - - [02/Nov/2016:15:29:10 +0800] "GET /login HTTP/1.1" 200 884
0:0:0:0:0:0:0:1 - - [02/Nov/2016:15:31:03 +0800] "GET /mq/send HTTP/1.1" 302 -
0:0:0:0:0:0:0:1 - - [02/Nov/2016:15:31:04 +0800] "GET /login;JSESSIONID=d63e4f09-14df-4f4a-bfbc-fd98836fadc8 HTTP/1.1" 200 884
0:0:0:0:0:0:0:1 - - [02/Nov/2016:15:31:04 +0800] "GET /favicon.ico HTTP/1.1" 302 -
0:0:0:0:0:0:0:1 - - [02/Nov/2016:15:31:04 +0800] "GET /login HTTP/1.1" 200 884
0:0:0:0:0:0:0:1 - - [02/Nov/2016:15:31:15 +0800] "POST /login HTTP/1.1" 200 979
0:0:0:0:0:0:0:1 - - [02/Nov/2016:15:31:15 +0800] "GET /favicon.ico HTTP/1.1" 302 -
0:0:0:0:0:0:0:1 - - [02/Nov/2016:15:31:15 +0800] "GET /login HTTP/1.1" 200 884
0:0:0:0:0:0:0:1 - - [02/Nov/2016:15:33:42 +0800] "POST /login HTTP/1.1" 200 983
0:0:0:0:0:0:0:1 - - [02/Nov/2016:15:33:42 +0800] "GET /favicon.ico HTTP/1.1" 302 -
0:0:0:0:0:0:0:1 - - [02/Nov/2016:15:33:42 +0800] "GET /login;JSESSIONID=ddc6d22a-291b-46cc-8556-a5cc566671bf HTTP/1.1" 200 884
0:0:0:0:0:0:0:1 - - [02/Nov/2016:15:35:32 +0800] "POST /login HTTP/1.1" 302 -
0:0:0:0:0:0:0:1 - - [02/Nov/2016:15:35:32 +0800] "GET /index HTTP/1.1" 302 -
0:0:0:0:0:0:0:1 - - [02/Nov/2016:15:35:32 +0800] "GET /unauthor HTTP/1.1" 200 884
0:0:0:0:0:0:0:1 - - [02/Nov/2016:15:35:32 +0800] "GET /favicon.ico HTTP/1.1" 302 -
0:0:0:0:0:0:0:1 - - [02/Nov/2016:15:35:32 +0800] "GET /unauthor HTTP/1.1" 200 884
0:0:0:0:0:0:0:1 - - [02/Nov/2016:15:35:41 +0800] "GET /mq/send HTTP/1.1" 302 -
0:0:0:0:0:0:0:1 - - [02/Nov/2016:15:35:41 +0800] "GET /unauthor HTTP/1.1" 200 884
0:0:0:0:0:0:0:1 - - [02/Nov/2016:15:35:41 +0800] "GET /favicon.ico HTTP/1.1" 302 -
0:0:0:0:0:0:0:1 - - [02/Nov/2016:15:35:41 +0800] "GET /unauthor HTTP/1.1" 200 884
0:0:0:0:0:0:0:1 - - [02/Nov/2016:15:39:56 +0800] "GET /mq/send HTTP/1.1" 302 -
0:0:0:0:0:0:0:1 - - [02/Nov/2016:15:39:57 +0800] "GET /login;JSESSIONID=daa40fc1-0215-461a-ab43-c1b16bff3a64 HTTP/1.1" 200 884
0:0:0:0:0:0:0:1 - - [02/Nov/2016:15:39:57 +0800] "GET /favicon.ico HTTP/1.1" 302 -
0:0:0:0:0:0:0:1 - - [02/Nov/2016:15:39:57 +0800] "GET /login HTTP/1.1" 200 884
0:0:0:0:0:0:0:1 - - [02/Nov/2016:15:40:27 +0800] "GET /mq/send HTTP/1.1" 302 -
0:0:0:0:0:0:0:1 - - [02/Nov/2016:15:40:46 +0800] "GET /login HTTP/1.1" 200 884
0:0:0:0:0:0:0:1 - - [02/Nov/2016:15:40:46 +0800] "GET /favicon.ico HTTP/1.1" 302 -
0:0:0:0:0:0:0:1 - - [02/Nov/2016:15:40:51 +0800] "GET /login HTTP/1.1" 200 884
0:0:0:0:0:0:0:1 - - [02/Nov/2016:15:41:03 +0800] "GET /mq/send HTTP/1.1" 302 -
0:0:0:0:0:0:0:1 - - [02/Nov/2016:15:41:04 +0800] "GET /mq/send HTTP/1.1" 302 -
0:0:0:0:0:0:0:1 - - [02/Nov/2016:15:41:28 +0800] "GET /login HTTP/1.1" 200 884
0:0:0:0:0:0:0:1 - - [02/Nov/2016:15:41:30 +0800] "GET /login HTTP/1.1" 200 884
0:0:0:0:0:0:0:1 - - [02/Nov/2016:15:41:30 +0800] "GET /favicon.ico HTTP/1.1" 302 -
0:0:0:0:0:0:0:1 - - [02/Nov/2016:15:41:31 +0800] "GET /login HTTP/1.1" 200 884
0:0:0:0:0:0:0:1 - - [02/Nov/2016:15:41:57 +0800] "POST /login HTTP/1.1" 302 -
0:0:0:0:0:0:0:1 - - [02/Nov/2016:15:42:01 +0800] "GET /index HTTP/1.1" 302 -
0:0:0:0:0:0:0:1 - - [02/Nov/2016:15:42:05 +0800] "GET /unauthor HTTP/1.1" 200 884
0:0:0:0:0:0:0:1 - - [02/Nov/2016:15:42:08 +0800] "GET /favicon.ico HTTP/1.1" 302 -
0:0:0:0:0:0:0:1 - - [02/Nov/2016:15:42:13 +0800] "GET /unauthor HTTP/1.1" 200 884
0:0:0:0:0:0:0:1 - - [02/Nov/2016:15:43:29 +0800] "GET /mq/send HTTP/1.1" 302 -
0:0:0:0:0:0:0:1 - - [02/Nov/2016:15:43:41 +0800] "GET /login;JSESSIONID=ce4f9867-4096-4aa1-a639-d23b8349e830 HTTP/1.1" 200 884
0:0:0:0:0:0:0:1 - - [02/Nov/2016:15:43:45 +0800] "GET /css/bootstrap.min.css HTTP/1.1" 304 -
0:0:0:0:0:0:0:1 - - [02/Nov/2016:15:43:45 +0800] "GET /favicon.ico HTTP/1.1" 302 -
0:0:0:0:0:0:0:1 - - [02/Nov/2016:15:43:46 +0800] "GET /login HTTP/1.1" 200 884
0:0:0:0:0:0:0:1 - - [02/Nov/2016:15:43:56 +0800] "GET /mq/send HTTP/1.1" 302 -
0:0:0:0:0:0:0:1 - - [02/Nov/2016:15:44:11 +0800] "GET /login HTTP/1.1" 200 884
0:0:0:0:0:0:0:1 - - [02/Nov/2016:15:44:11 +0800] "GET /favicon.ico HTTP/1.1" 302 -
0:0:0:0:0:0:0:1 - - [02/Nov/2016:15:44:14 +0800] "GET /login HTTP/1.1" 200 884
0:0:0:0:0:0:0:1 - - [02/Nov/2016:15:44:33 +0800] "POST /login HTTP/1.1" 302 -
0:0:0:0:0:0:0:1 - - [02/Nov/2016:15:44:36 +0800] "GET /index HTTP/1.1" 302 -
0:0:0:0:0:0:0:1 - - [02/Nov/2016:15:44:37 +0800] "GET /unauthor HTTP/1.1" 200 884
0:0:0:0:0:0:0:1 - - [02/Nov/2016:15:44:37 +0800] "GET /favicon.ico HTTP/1.1" 302 -
0:0:0:0:0:0:0:1 - - [02/Nov/2016:15:44:38 +0800] "GET /unauthor HTTP/1.1" 200 884
0:0:0:0:0:0:0:1 - - [02/Nov/2016:15:44:55 +0800] "GET /mq/send HTTP/1.1" 200 67
0:0:0:0:0:0:0:1 - - [02/Nov/2016:15:44:59 +0800] "GET /favicon.ico HTTP/1.1" 302 -
0:0:0:0:0:0:0:1 - - [02/Nov/2016:15:45:01 +0800] "GET /unauthor HTTP/1.1" 200 884
0:0:0:0:0:0:0:1 - - [02/Nov/2016:15:48:37 +0800] "GET /mq/send HTTP/1.1" 302 -
0:0:0:0:0:0:0:1 - - [02/Nov/2016:15:48:38 +0800] "GET /login;JSESSIONID=f73f5fd2-a6e1-4e28-aaa7-54a2d3a3fe54 HTTP/1.1" 200 884
0:0:0:0:0:0:0:1 - - [02/Nov/2016:15:48:38 +0800] "GET /css/bootstrap.min.css HTTP/1.1" 304 -
0:0:0:0:0:0:0:1 - - [02/Nov/2016:15:48:38 +0800] "GET /favicon.ico HTTP/1.1" 302 -
0:0:0:0:0:0:0:1 - - [02/Nov/2016:15:48:38 +0800] "GET /login HTTP/1.1" 200 884
0:0:0:0:0:0:0:1 - - [02/Nov/2016:15:53:01 +0800] "GET /mq/send HTTP/1.1" 200 67
0:0:0:0:0:0:0:1 - - [02/Nov/2016:15:53:01 +0800] "GET /favicon.ico HTTP/1.1" 302 -
0:0:0:0:0:0:0:1 - - [02/Nov/2016:15:53:02 +0800] "GET /login;JSESSIONID=9ed457e6-cd38-4842-9ef6-b5559ed19b44 HTTP/1.1" 200 884
0:0:0:0:0:0:0:1 - - [02/Nov/2016:15:53:09 +0800] "GET /mq/send HTTP/1.1" 200 67
0:0:0:0:0:0:0:1 - - [02/Nov/2016:15:53:09 +0800] "GET /favicon.ico HTTP/1.1" 302 -
0:0:0:0:0:0:0:1 - - [02/Nov/2016:15:53:09 +0800] "GET /login HTTP/1.1" 200 884
0:0:0:0:0:0:0:1 - - [02/Nov/2016:15:53:10 +0800] "GET /mq/send HTTP/1.1" 200 67
0:0:0:0:0:0:0:1 - - [02/Nov/2016:15:53:10 +0800] "GET /favicon.ico HTTP/1.1" 302 -
0:0:0:0:0:0:0:1 - - [02/Nov/2016:15:53:10 +0800] "GET /login HTTP/1.1" 200 884
0:0:0:0:0:0:0:1 - - [02/Nov/2016:15:53:11 +0800] "GET /mq/send HTTP/1.1" 200 67
0:0:0:0:0:0:0:1 - - [02/Nov/2016:15:53:11 +0800] "GET /favicon.ico HTTP/1.1" 302 -
0:0:0:0:0:0:0:1 - - [02/Nov/2016:15:53:11 +0800] "GET /login HTTP/1.1" 200 884
0:0:0:0:0:0:0:1 - - [02/Nov/2016:15:53:12 +0800] "GET /mq/send HTTP/1.1" 200 67
0:0:0:0:0:0:0:1 - - [02/Nov/2016:15:53:12 +0800] "GET /favicon.ico HTTP/1.1" 302 -
0:0:0:0:0:0:0:1 - - [02/Nov/2016:15:53:12 +0800] "GET /login HTTP/1.1" 200 884
0:0:0:0:0:0:0:1 - - [02/Nov/2016:15:53:12 +0800] "GET /mq/send HTTP/1.1" 200 67
0:0:0:0:0:0:0:1 - - [02/Nov/2016:15:53:12 +0800] "GET /favicon.ico HTTP/1.1" 302 -
0:0:0:0:0:0:0:1 - - [02/Nov/2016:15:53:12 +0800] "GET /login HTTP/1.1" 200 884
0:0:0:0:0:0:0:1 - - [02/Nov/2016:15:53:12 +0800] "GET /mq/send HTTP/1.1" 200 67
0:0:0:0:0:0:0:1 - - [02/Nov/2016:15:53:12 +0800] "GET /favicon.ico HTTP/1.1" 302 -
0:0:0:0:0:0:0:1 - - [02/Nov/2016:15:53:12 +0800] "GET /login HTTP/1.1" 200 884
